[22:41:52] [ServerMain/INFO]: Environment: authHost='https://authserver.mojang.com', accountsHost='https://api.mojang.com', sessionHost='https://sessionserver.mojang.com', servicesHost='https://api.minecraftservices.com', name='PROD'
[22:41:55] [ServerMain/INFO]: Loaded 7 recipes
[22:41:55] [ServerMain/INFO]: Loaded 1271 advancements
[22:41:56] [Server thread/INFO]: Starting minecraft server version 1.20.1
[22:41:56] [Server thread/INFO]: Loading properties
[22:41:56] [Server thread/INFO]: Default game type: SURVIVAL
[22:41:56] [Server thread/INFO]: Generating keypair
[22:41:56] [Server thread/INFO]: Starting Minecraft server on *:25565
[22:41:56] [Server thread/INFO]: Using epoll channel type
[22:41:56] [Server thread/WARN]: **** SERVER IS RUNNING IN OFFLINE/INSECURE MODE!
[22:41:56] [Server thread/WARN]: The server will make no attempt to authenticate usernames. Beware.
[22:41:56] [Server thread/WARN]: While this makes the game possible to play without internet access, it also opens up the ability for hackers to connect with any username they choose.
[22:41:56] [Server thread/WARN]: To change this, set "online-mode" to "true" in the server.properties file.
[22:41:56] [Server thread/INFO]: Preparing level "world"
[22:42:08] [Server thread/INFO]: Preparing start region for dimension minecraft:overworld
[22:42:09] [Worker-Main-7/INFO]: Preparing spawn area: 0%
[22:42:09] [Worker-Main-7/INFO]: Preparing spawn area: 0%
[22:42:09] [Worker-Main-7/INFO]: Preparing spawn area: 0%
[22:42:09] [Worker-Main-7/INFO]: Preparing spawn area: 0%
[22:42:10] [Worker-Main-7/INFO]: Preparing spawn area: 0%
[22:42:10] [Worker-Main-7/INFO]: Preparing spawn area: 0%
[22:42:11] [Worker-Main-7/INFO]: Preparing spawn area: 0%
[22:42:11] [Worker-Main-7/INFO]: Preparing spawn area: 0%
[22:42:12] [Worker-Main-7/INFO]: Preparing spawn area: 0%
[22:42:12] [Worker-Main-7/INFO]: Preparing spawn area: 0%
[22:42:13] [Worker-Main-7/INFO]: Preparing spawn area: 0%
[22:42:13] [Worker-Main-7/INFO]: Preparing spawn area: 0%
[22:42:14] [Worker-Main-7/INFO]: Preparing spawn area: 0%
[22:42:14] [Worker-Main-7/INFO]: Preparing spawn area: 0%
[22:42:15] [Worker-Main-7/INFO]: Preparing spawn area: 0%
[22:42:15] [Worker-Main-7/INFO]: Preparing spawn area: 0%
[22:42:16] [Worker-Main-7/INFO]: Preparing spawn area: 0%
[22:42:16] [Worker-Main-7/INFO]: Preparing spawn area: 0%
[22:42:17] [Worker-Main-7/INFO]: Preparing spawn area: 0%
[22:42:17] [Worker-Main-7/INFO]: Preparing spawn area: 0%
[22:42:18] [Worker-Main-7/INFO]: Preparing spawn area: 0%
[22:42:18] [Worker-Main-7/INFO]: Preparing spawn area: 0%
[22:42:19] [Worker-Main-7/INFO]: Preparing spawn area: 0%
[22:42:19] [Worker-Main-7/INFO]: Preparing spawn area: 0%
[22:42:20] [Worker-Main-7/INFO]: Preparing spawn area: 0%
[22:42:20] [Worker-Main-7/INFO]: Preparing spawn area: 0%
[22:42:21] [Worker-Main-7/INFO]: Preparing spawn area: 0%
[22:42:21] [Worker-Main-7/INFO]: Preparing spawn area: 0%
[22:42:22] [Worker-Main-7/INFO]: Preparing spawn area: 0%
[22:42:22] [Worker-Main-7/INFO]: Preparing spawn area: 0%
[22:42:23] [Worker-Main-7/INFO]: Preparing spawn area: 0%
[22:42:23] [Worker-Main-7/INFO]: Preparing spawn area: 0%
[22:42:24] [Worker-Main-7/INFO]: Preparing spawn area: 0%
[22:42:24] [Worker-Main-7/INFO]: Preparing spawn area: 0%
[22:42:25] [Worker-Main-7/INFO]: Preparing spawn area: 0%
[22:42:25] [Worker-Main-7/INFO]: Preparing spawn area: 0%
[22:42:26] [Worker-Main-7/INFO]: Preparing spawn area: 0%
[22:42:26] [Worker-Main-7/INFO]: Preparing spawn area: 0%
[22:42:27] [Worker-Main-7/INFO]: Preparing spawn area: 0%
[22:42:27] [Worker-Main-7/INFO]: Preparing spawn area: 0%
[22:42:28] [Worker-Main-7/INFO]: Preparing spawn area: 0%
[22:42:28] [Worker-Main-7/INFO]: Preparing spawn area: 0%
[22:42:29] [Worker-Main-7/INFO]: Preparing spawn area: 0%
[22:42:29] [Worker-Main-7/INFO]: Preparing spawn area: 0%
[22:42:30] [Worker-Main-7/INFO]: Preparing spawn area: 0%
[22:42:30] [Worker-Main-7/INFO]: Preparing spawn area: 0%
[22:42:31] [Worker-Main-7/INFO]: Preparing spawn area: 0%
[22:42:31] [Worker-Main-7/INFO]: Preparing spawn area: 0%
[22:42:32] [Worker-Main-7/INFO]: Preparing spawn area: 0%
[22:42:32] [Worker-Main-7/INFO]: Preparing spawn area: 0%
[22:42:33] [Worker-Main-7/INFO]: Preparing spawn area: 0%
[22:42:33] [Worker-Main-7/INFO]: Preparing spawn area: 0%
[22:42:34] [Worker-Main-7/INFO]: Preparing spawn area: 0%
[22:42:34] [Worker-Main-7/INFO]: Preparing spawn area: 0%
[22:42:35] [Worker-Main-7/INFO]: Preparing spawn area: 0%
[22:42:35] [Worker-Main-7/INFO]: Preparing spawn area: 0%
[22:42:36] [Worker-Main-7/INFO]: Preparing spawn area: 0%
[22:42:36] [Worker-Main-7/INFO]: Preparing spawn area: 0%
[22:42:37] [Worker-Main-7/INFO]: Preparing spawn area: 0%
[22:42:37] [Worker-Main-7/INFO]: Preparing spawn area: 0%
[22:42:38] [Worker-Main-7/INFO]: Preparing spawn area: 0%
[22:42:38] [Worker-Main-7/INFO]: Preparing spawn area: 0%
[22:42:39] [Worker-Main-7/INFO]: Preparing spawn area: 0%
[22:42:39] [Worker-Main-7/INFO]: Preparing spawn area: 0%
[22:42:40] [Worker-Main-7/INFO]: Preparing spawn area: 0%
[22:42:40] [Worker-Main-7/INFO]: Preparing spawn area: 0%
[22:42:41] [Worker-Main-7/INFO]: Preparing spawn area: 0%
[22:42:41] [Worker-Main-7/INFO]: Preparing spawn area: 0%
[22:42:42] [Worker-Main-7/INFO]: Preparing spawn area: 0%
[22:42:42] [Worker-Main-7/INFO]: Preparing spawn area: 0%
[22:42:43] [Worker-Main-7/INFO]: Preparing spawn area: 0%
[22:42:43] [Worker-Main-7/INFO]: Preparing spawn area: 0%
[22:42:44] [Worker-Main-7/INFO]: Preparing spawn area: 0%
[22:42:44] [Worker-Main-7/INFO]: Preparing spawn area: 0%
[22:42:45] [Worker-Main-7/INFO]: Preparing spawn area: 0%
[22:42:45] [Worker-Main-7/INFO]: Preparing spawn area: 0%
[22:42:46] [Worker-Main-7/INFO]: Preparing spawn area: 0%
[22:42:46] [Worker-Main-7/INFO]: Preparing spawn area: 0%
[22:42:47] [Worker-Main-7/INFO]: Preparing spawn area: 0%
[22:42:47] [Worker-Main-7/INFO]: Preparing spawn area: 0%
[22:42:48] [Worker-Main-7/INFO]: Preparing spawn area: 0%
[22:42:48] [Worker-Main-7/INFO]: Preparing spawn area: 0%
[22:42:49] [Worker-Main-7/INFO]: Preparing spawn area: 0%
[22:42:51] [Worker-Main-7/INFO]: Preparing spawn area: 0%
[22:42:51] [Worker-Main-7/INFO]: Preparing spawn area: 0%
[22:42:51] [Worker-Main-7/INFO]: Preparing spawn area: 0%
[22:42:51] [Worker-Main-7/INFO]: Preparing spawn area: 73%
[22:42:55] [Server thread/INFO]: Time elapsed: 47301 ms
[22:42:55] [Server thread/INFO]: Done (59.182s)! For help, type "help"
[22:44:06] [Server thread/INFO]: Made rata(adrian) a server operator
[22:46:10] [Server thread/INFO]: rata(adrian)[/127.71.168.233:47751] logged in with entity id 258 at (138.5, 69.0, -9.5)
[22:46:10] [Server thread/INFO]: rata(adrian) joined the game
[22:46:23] [Server thread/INFO]: [rata(adrian): The difficulty has been set to Hard]
[22:51:31] [Server thread/INFO]: rata(adrian) has made the advancement [Stone Age]
[22:52:26] [Server thread/INFO]: rata(adrian) has made the advancement [Getting an Upgrade]
[23:04:42] [Server thread/INFO]: rata(adrian) was shot by Skeleton
[23:04:45] [Server thread/INFO]: rata(adrian) has made the advancement [Monster Hunter]
[23:05:32] [Server thread/INFO]: [Not Secure] <rata(adrian)> give rata(adrian)ironsword
[23:06:07] [Server thread/INFO]: [Not Secure] <rata(adrian)> give rata(adrian) creative
[23:26:54] [Server thread/INFO]: rata(adrian) lost connection: Disconnected
[23:26:54] [Server thread/INFO]: rata(adrian) left the game
